Base path: 'C:/Program Files/Unity/Hub/Editor/2019.3.15f1/Editor/Data', plugins path 'C:/Program Files/Unity/Hub/Editor/2019.3.15f1/Editor/Data/PlaybackEngines'
Cmd: initializeCompiler
Cmd: compileComputeKernel
  api=4 insize=9919 outsize=2058 ok=1
Cmd: compileComputeKernel
  api=4 insize=47665 outsize=1662 ok=1
Cmd: compileComputeKernel
  api=4 insize=47665 outsize=1354 ok=1
Cmd: compileComputeKernel
  api=4 insize=47665 outsize=1879 ok=1
Cmd: compileComputeKernel
  api=4 insize=47665 outsize=1745 ok=1
Cmd: compileComputeKernel
  api=4 insize=3532 outsize=2622 ok=1
Cmd: compileComputeKernel
  api=4 insize=29386 outsize=629 ok=1
Cmd: compileComputeKernel
  api=4 insize=29386 outsize=854 ok=1
Cmd: compileComputeKernel
  api=4 insize=29386 outsize=674 ok=1
Cmd: compileComputeKernel
  api=4 insize=29386 outsize=1316 ok=1
Cmd: compileComputeKernel
  api=4 insize=29386 outsize=1354 ok=1
Cmd: compileComputeKernel
  api=4 insize=31899 outsize=12496 ok=1
Cmd: compileSnippet
  api=4 type=1 insize=2104 outsize=3354 kw=DIRECTIONAL SHADOWS_SCREEN UNITY_HDR_ON pd=UNITY_ENABLE_REFLECTION_BUFFERS UNITY_USE_DITHER_MASK_FOR_ALPHABLENDED_SHADOWS UNITY_PBS_USE_BRDF1 UNITY_SPECCUBE_BOX_PROJECTION UNITY_SPECCUBE_BLENDING UNITY_ENABLE_DETAIL_NORMALMAP SHADER_API_DESKTOP UNITY_COLORSPACE_GAMMA UNITY_LIGHT_PROBE_PROXY_VOLUME UNITY_LIGHTMAP_FULL_HDR ok=1
Cmd: compileSnippet
  api=4 type=1 insize=1402 outsize=570 kw=UNITY_PASS_FORWARDBASE _EMISSION SOFTPARTICLES_ON _ALPHABLEND_ON pd=UNITY_ENABLE_REFLECTION_BUFFERS UNITY_USE_DITHER_MASK_FOR_ALPHABLENDED_SHADOWS UNITY_PBS_USE_BRDF1 UNITY_SPECCUBE_BOX_PROJECTION UNITY_SPECCUBE_BLENDING UNITY_ENABLE_DETAIL_NORMALMAP SHADER_API_DESKTOP UNITY_COLORSPACE_GAMMA UNITY_LIGHT_PROBE_PROXY_VOLUME UNITY_LIGHTMAP_FULL_HDR ok=1

Quitting shader compiler process
